# JRE version: Java(TM) SE Runtime Environment (15.0.2+7) (build 15.0.2+7-27)
# Java VM: Java HotSpot(TM) 64-Bit Server VM (15.0.2+7-27, mixed mode, sharing, tiered, compressed oops, g1 gc, windows-amd64)
GC Precious Log:
 CPUs: 8 total, 8 available
 Memory: 8034M
 Large Page Support: Disabled
 NUMA Support: Disabled
 Compressed Oops: Enabled (32-bit)
 Heap Region Size: 1M
 Heap Min Capacity: 8M
 Heap Initial Capacity: 126M
 Heap Max Capacity: 2010M
 Pre-touch: Disabled
 Parallel Workers: 8
 Concurrent Workers: 2
 Concurrent Refinement Workers: 8
 Periodic GC: Disabled
Heap:
 garbage-first heap   total 64512K, used 43081K [0x0000000082600000, 0x0000000100000000)
  region size 1024K, 32 young (32768K), 3 survivors (3072K)
 Metaspace       used 32680K, capacity 33195K, committed 33456K, reserved 1079296K
  class space    used 4107K, capacity 4290K, committed 4352K, reserved 1048576K
GC Heap History (11 events):
Event: 0.793 GC heap before
{Heap before GC invocations=0 (full 0):
 garbage-first heap   total 129024K, used 23552K [0x0000000082600000, 0x0000000100000000)
  region size 1024K, 23 young (23552K), 0 survivors (0K)
 Metaspace       used 8089K, capacity 8320K, committed 8576K, reserved 1056768K
  class space    used 1009K, capacity 1081K, committed 1152K, reserved 1048576K
}
Event: 0.802 GC heap after
{Heap after GC invocations=1 (full 0):
 garbage-first heap   total 129024K, used 5464K [0x0000000082600000, 0x0000000100000000)
  region size 1024K, 3 young (3072K), 3 survivors (3072K)
 Metaspace       used 8089K, capacity 8320K, committed 8576K, reserved 1056768K
  class space    used 1009K, capacity 1081K, committed 1152K, reserved 1048576K
}
Event: 1.096 GC heap before
{Heap before GC invocations=1 (full 0):
 garbage-first heap   total 129024K, used 27992K [0x0000000082600000, 0x0000000100000000)
  region size 1024K, 25 young (25600K), 3 survivors (3072K)
 Metaspace       used 13166K, capacity 13427K, committed 13568K, reserved 1060864K
  class space    used 1679K, capacity 1756K, committed 1792K, reserved 1048576K
}
Event: 1.102 GC heap after
{Heap after GC invocations=2 (full 0):
 garbage-first heap   total 129024K, used 6976K [0x0000000082600000, 0x0000000100000000)
  region size 1024K, 2 young (2048K), 2 survivors (2048K)
 Metaspace       used 13166K, capacity 13427K, committed 13568K, reserved 1060864K
  class space    used 1679K, capacity 1756K, committed 1792K, reserved 1048576K
}
Event: 1.804 GC heap before
{Heap before GC invocations=2 (full 0):
 garbage-first heap   total 129024K, used 53056K [0x0000000082600000, 0x0000000100000000)
  region size 1024K, 47 young (48128K), 2 survivors (2048K)
 Metaspace       used 20168K, capacity 20547K, committed 20736K, reserved 1067008K
  class space    used 2673K, capacity 2799K, committed 2816K, reserved 1048576K
}
Event: 1.812 GC heap after
{Heap after GC invocations=3 (full 0):
 garbage-first heap   total 129024K, used 10311K [0x0000000082600000, 0x0000000100000000)
  region size 1024K, 5 young (5120K), 5 survivors (5120K)
 Metaspace       used 20168K, capacity 20547K, committed 20736K, reserved 1067008K
  class space    used 2673K, capacity 2799K, committed 2816K, reserved 1048576K
}
Event: 1.844 GC heap before
{Heap before GC invocations=3 (full 0):
 garbage-first heap   total 129024K, used 12359K [0x0000000082600000, 0x0000000100000000)
  region size 1024K, 8 young (8192K), 5 survivors (5120K)
 Metaspace       used 20795K, capacity 21123K, committed 21296K, reserved 1067008K
  class space    used 2730K, capacity 2863K, committed 2944K, reserved 1048576K
}
Event: 1.852 GC heap after
{Heap after GC invocations=4 (full 0):
 garbage-first heap   total 129024K, used 10896K [0x0000000082600000, 0x0000000100000000)
  region size 1024K, 6 young (6144K), 6 survivors (6144K)
 Metaspace       used 20795K, capacity 21123K, committed 21296K, reserved 1067008K
  class space    used 2730K, capacity 2863K, committed 2944K, reserved 1048576K
}
Event: 2.813 GC heap before
{Heap before GC invocations=5 (full 0):
 garbage-first heap   total 45056K, used 43664K [0x0000000082600000, 0x0000000100000000)
  region size 1024K, 38 young (38912K), 6 survivors (6144K)
 Metaspace       used 25479K, capacity 25902K, committed 26032K, reserved 1071104K
  class space    used 3323K, capacity 3482K, committed 3584K, reserved 1048576K
}
Event: 2.821 GC heap after
{Heap after GC invocations=6 (full 0):
 garbage-first heap   total 64512K, used 13385K [0x0000000082600000, 0x0000000100000000)
  region size 1024K, 8 young (8192K), 8 survivors (8192K)
 Metaspace       used 25479K, capacity 25902K, committed 26032K, reserved 1071104K
  class space    used 3323K, capacity 3482K, committed 3584K, reserved 1048576K
}
Event: 3.918 GC heap before
{Heap before GC invocations=6 (full 0):
 garbage-first heap   total 64512K, used 42057K [0x0000000082600000, 0x0000000100000000)
  region size 1024K, 37 young (37888K), 8 survivors (8192K)
 Metaspace       used 32680K, capacity 33195K, committed 33456K, reserved 1079296K
  class space    used 4107K, capacity 4290K, committed 4352K, reserved 1048576K
}

